debug.srp created srp.log for error report...
runtime exception handler called
exception is: [31;49mparameter count mismatch[39;49m
frame variables: {}
frame pc: -1
frame method: <callin_method>
frame class: nil

Debugger invoked.
-----------------------------------------------------
Method [32;49m<callin_method>[39;49m in class [34;49mnil[39;49m
-----------------------------------------------------
Method [32;49mwxs_handler[39;49m in class [34;49mnil[39;49m, char 892 in file 
    /Users/YanningMao1/serpent/wxslib/wxserpent.srp
Frame variables: {'id': 2, 'event': 18, 'x': 182, 'y': 0, 'obj': <obj@0x117d69020>}
  29:             return obj.handle(event, x, y)
                                   ^
-----------------------------------------------------
Method [32;49mhandle[39;49m in class [34;49mSlider[39;49m, char 12098 in file 
    /Users/YanningMao1/serpent/wxslib/wxserpent.srp
Frame variables: {'event': 18, 'x': 182, 'y': 0}
 436:             super.handle(WXS_SLIDER_UPDATED, x, 0)
                              ^
-----------------------------------------------------
Method [32;49mhandle[39;49m in class [34;49mControl[39;49m, char 4052 in file 
    /Users/YanningMao1/serpent/wxslib/wxserpent.srp
Frame variables: {'event': 18, 'x': 182, 'y': 0}
 134:         if handle_target_method(event, x, y, target, method)
                                     ^
-----------------------------------------------------
Method [32;49mhandle_target_method[39;49m in class [34;49mControl[39;49m, char 4527 in file 
    /Users/YanningMao1/serpent/wxslib/wxserpent.srp
Frame variables: {'event': 18, 'x': 182, 'y': 0, 'trgt': <obj@0x117d68b70>, 'mthd': 'slider_changed', 'meth': nil, 'i': nil}
 147:             dispatch(event, x, y, trgt, mthd)
                          ^
-----------------------------------------------------
Method [32;49mdispatch[39;49m in class [34;49mControl[39;49m, char 4749 in file 
    /Users/YanningMao1/serpent/wxslib/wxserpent.srp
Frame variables: {'event': 18, 'x': 182, 'y': 0, 'trgt': <obj@0x117d68b70>, 'mthd': 'slider_changed'}
 155:             send(trgt, mthd, this, event, x, y)
                      ^
-----------------------------------------------------
Method [32;49mslider_changed[39;49m in class [34;49mLabeled_slider[39;49m, char 4795 in file 
    /Users/YanningMao1/serpent/wxslib/slider.srp
Frame variables: {'source': <obj@0x117d69020>, 'event': 18, 'x': 182, 'y': 0, 'value': 0.203804}
 142:         set_value(value, from_slider = true)
                       ^
-----------------------------------------------------
Method [32;49mset_value[39;49m in class [34;49mLabeled_slider[39;49m, char 6273 in file 
    /Users/YanningMao1/serpent/wxslib/slider.srp
Frame variables: {'x': 0.203804, 'from_slider': 't', 'from_number': nil, 'act': nil, 's': nil}
 188:                 send(target, method, this, val)
                          ^
-----------------------------------------------------
Method [32;49m<callin_method>[39;49m in class [34;49mnil[39;49m
[31;49mparameter count mismatch[39;49m
1> Exiting ...
wxs_handler undefined
wxs_handler undefined
